<?xml version="1.0" encoding="UTF-8"?>
<!-- Generated by org.testng.reporters.JUnitReportReporter -->
<testsuite hostname="it-Latitude-3510" failures="0" tests="1" name="loginTC.Tc07" time="16.176" errors="0" timestamp="2023-05-25T21:57:51 IST" skipped="0">
  <testcase classname="loginTC.Tc07" name="Tc04_VerifyLogin" time="16.176"/>
  <system-out/>
</testsuite> <!-- loginTC.Tc07 -->
