<?xml version="1.0" encoding="UTF-8"?>
<!-- Generated by org.testng.reporters.JUnitReportReporter -->
<testsuite hostname="it-Latitude-3510" failures="0" tests="1" name="loginTC.Tc01" time="19.355" errors="0" timestamp="2023-05-25T14:08:19 IST" skipped="0">
  <testcase classname="loginTC.Tc01" name="Tc01_VerifyLogin" time="19.355"/>
  <system-out/>
</testsuite> <!-- loginTC.Tc01 -->
