<?xml version="1.0" encoding="UTF-8"?>
<!-- Generated by org.testng.reporters.JUnitReportReporter -->
<testsuite hostname="it-Latitude-3510" failures="0" tests="1" name="loginTC.Tc03" time="21.106" errors="0" timestamp="2023-05-25T14:08:19 IST" skipped="0">
  <testcase classname="loginTC.Tc03" name="Tc03_VerifyLogin" time="21.106"/>
  <system-out/>
</testsuite> <!-- loginTC.Tc03 -->
